<?xml version="1.0" encoding="UTF-8"?>
<!-- Generated by org.testng.reporters.JUnitXMLReporter -->
<testsuite ignored="2" hostname="biji" failures="1" tests="2" name="Test" time="43.472" errors="0" timestamp="2023-12-27T18:44:26 IST">
  <testcase classname="contactsTest.CreateContactsTest" name="createContactsWithMandatoryField" time="11.114">
    <failure type="java.lang.AssertionError" message="null">
      <![CDATA[java.lang.AssertionError: null
at contactsTest.CreateContactsTest.createContactsWithMandatoryField(CreateContactsTest.java:37)
at java.base/java.util.ArrayList.forEach(ArrayList.java:1511)
... Removed 29 stack frames]]>
    </failure>
  </testcase> <!-- createContactsWithMandatoryField -->
  <testcase classname="contactsTest.CreateContactsWithLeadSourceTest" name="createContactsWithLead" time="12.231"/>
  <testcase classname="genericUtilities.BaseClass" name="@AfterSuite asConfig" time="0.0">
    <ignored/>
  </testcase> <!-- @AfterSuite asConfig -->
  <testcase classname="genericUtilities.BaseClass" name="@BeforeSuite bsConfig" time="0.0">
    <ignored/>
  </testcase> <!-- @BeforeSuite bsConfig -->
</testsuite> <!-- Test -->
